INFO: [VRFC 10-2263] Analyzing SystemVerilog file "C:/Users/mahiy/Documents/Projects/scalar2/scalar2.srcs/sources_1/new/decode_dispatch_int.sv" into library xil_defaultlib
INFO: [VRFC 10-311] analyzing module decode_dispatch_int
INFO: [VRFC 10-2263] Analyzing SystemVerilog file "C:/Users/mahiy/Documents/Projects/scalar2/scalar2.srcs/sources_1/new/instruction_memory.sv" into library xil_defaultlib
INFO: [VRFC 10-311] analyzing module instruction_memory
INFO: [VRFC 10-2263] Analyzing SystemVerilog file "C:/Users/mahiy/Documents/Projects/scalar2/scalar2.srcs/sources_1/new/misc.sv" into library xil_defaultlib
INFO: [VRFC 10-311] analyzing module demux_1x8
INFO: [VRFC 10-2263] Analyzing SystemVerilog file "C:/Users/mahiy/Documents/Projects/scalar2/scalar2.srcs/sources_1/new/program_counter.sv" into library xil_defaultlib
INFO: [VRFC 10-311] analyzing module program_counter
INFO: [VRFC 10-2263] Analyzing SystemVerilog file "C:/Users/mahiy/Documents/Projects/scalar2/scalar2.srcs/sources_1/new/reg_file.sv" into library xil_defaultlib
INFO: [VRFC 10-311] analyzing module reg_file
INFO: [VRFC 10-2263] Analyzing SystemVerilog file "C:/Users/mahiy/Documents/Projects/scalar2/scalar2.srcs/sources_1/new/alu.sv" into library xil_defaultlib
INFO: [VRFC 10-311] analyzing module alu
INFO: [VRFC 10-2263] Analyzing SystemVerilog file "C:/Users/mahiy/Documents/Projects/scalar2/scalar2.srcs/sources_1/new/config_pkg.sv" into library xil_defaultlib
WARNING: [VRFC 10-8896] design element 'config_pkg' is previously defined; ignoring this definition [C:/Users/mahiy/Documents/Projects/scalar2/scalar2.srcs/sources_1/new/config_pkg.sv:3]
INFO: [VRFC 10-2263] Analyzing SystemVerilog file "C:/Users/mahiy/Documents/Projects/scalar2/scalar2.srcs/sim_1/new/alu_tb.sv" into library xil_defaultlib
INFO: [VRFC 10-311] analyzing module alu_tb
INFO: [VRFC 10-2263] Analyzing SystemVerilog file "C:/Users/mahiy/Documents/Projects/scalar2/scalar2.srcs/sim_1/new/decode_dispatch_int_tb.sv" into library xil_defaultlib
INFO: [VRFC 10-311] analyzing module decode_dispatch_int_tb
INFO: [VRFC 10-2263] Analyzing SystemVerilog file "C:/Users/mahiy/Documents/Projects/scalar2/scalar2.srcs/sim_1/new/fetch_tb.sv" into library xil_defaultlib
INFO: [VRFC 10-311] analyzing module fetch_tb
INFO: [VRFC 10-2263] Analyzing SystemVerilog file "C:/Users/mahiy/Documents/Projects/scalar2/scalar2.srcs/sim_1/new/reg_file_tb.sv" into library xil_defaultlib
INFO: [VRFC 10-311] analyzing module reg_file_tb
