Time resolution is 1 ps
[ROB] Commit stalled at slot 0: head=0  id=0  done=0
[ROB] Commit stalled at slot 1: head=0  id=0  done=0
[ROB] Commit stalled at slot 2: head=0  id=0  done=0
[ROB] Commit stalled at slot 3: head=0  id=0  done=0
[ROB] Commit stalled at slot 0: head=0  id=0  done=0
[ROB] Commit stalled at slot 1: head=0  id=0  done=0
[ROB] Commit stalled at slot 2: head=0  id=0  done=0
[ROB] Commit stalled at slot 3: head=0  id=0  done=0
[ROB] Commit stalled at slot 0: head=0  id=0  done=0
[ROB] Commit stalled at slot 1: head=0  id=0  done=0
[ROB] Commit stalled at slot 2: head=0  id=0  done=0
[ROB] Commit stalled at slot 3: head=0  id=0  done=0
Inserting Instruction from A
Inserting Instruction from B
[ROB] Commit stalled at slot 0: head=0  id=0  done=0
[ROB] Commit stalled at slot 1: head=0  id=0  done=0
[ROB] Commit stalled at slot 2: head=0  id=0  done=0
[ROB] Commit stalled at slot 3: head=0  id=0  done=0
Inserting Instruction from A
Inserting Instruction from B
[ROB] Commit stalled at slot 0: head=0  id=0  done=0
[ROB] Commit stalled at slot 1: head=0  id=0  done=0
[ROB] Commit stalled at slot 2: head=0  id=0  done=0
[ROB] Commit stalled at slot 3: head=0  id=0  done=0
[ROB] Commit stalled at slot 0: head=0  id=0  done=0
[ROB] Commit stalled at slot 1: head=0  id=0  done=0
[ROB] Commit stalled at slot 2: head=0  id=0  done=0
[ROB] Commit stalled at slot 3: head=0  id=0  done=0
[ROB] Commit stalled at slot 0: head=0  id=0  done=0
[ROB] Commit stalled at slot 1: head=0  id=0  done=0
[ROB] Commit stalled at slot 2: head=0  id=0  done=0
[ROB] Commit stalled at slot 3: head=0  id=0  done=0
[ROB] Commit stalled at slot 0: head=0  id=0  done=0
[ROB] Commit stalled at slot 1: head=0  id=0  done=0
[ROB] Commit stalled at slot 2: head=0  id=0  done=0
[ROB] Commit stalled at slot 3: head=0  id=0  done=0
[ROB] Commit slot 0: id=0  arch=r1  new_prf=16  old_prf=1  result=8
[ROB] Commit stalled at slot 1: head=1  id=1  done=0
[ROB] Commit stalled at slot 2: head=1  id=1  done=0
[ROB] Commit stalled at slot 3: head=1  id=1  done=0
[ROB] Commit slot 0: id=0  arch=r1  new_prf=16  old_prf=1  result=8
[ROB] Commit stalled at slot 1: head=1  id=1  done=0
[ROB] Commit stalled at slot 2: head=1  id=1  done=0
[ROB] Commit stalled at slot 3: head=1  id=1  done=0
[ROB] Commit stalled at slot 0: head=1  id=1  done=0
[ROB] Commit stalled at slot 1: head=1  id=1  done=0
[ROB] Commit stalled at slot 2: head=1  id=1  done=0
[ROB] Commit stalled at slot 3: head=1  id=1  done=0
[ROB] Commit stalled at slot 0: head=1  id=1  done=0
[ROB] Commit stalled at slot 1: head=1  id=1  done=0
[ROB] Commit stalled at slot 2: head=1  id=1  done=0
[ROB] Commit stalled at slot 3: head=1  id=1  done=0
[ROB] Commit slot 0: id=1  arch=r4  new_prf=17  old_prf=4  result=9
[ROB] Commit slot 1: id=0  arch=r0  new_prf=0  old_prf=0  result=8
[ROB] Commit slot 2: id=0  arch=r0  new_prf=0  old_prf=0  result=8
[ROB] Commit slot 3: id=0  arch=r0  new_prf=0  old_prf=0  result=8
[ROB] Commit slot 0: id=1  arch=r4  new_prf=17  old_prf=4  result=9
[ROB] Commit slot 1: id=0  arch=r0  new_prf=0  old_prf=0  result=8
[ROB] Commit slot 2: id=0  arch=r0  new_prf=0  old_prf=0  result=8
[ROB] Commit slot 3: id=0  arch=r0  new_prf=0  old_prf=0  result=8
[ROB] Commit slot 0: id=0  arch=r0  new_prf=0  old_prf=0  result=8
[ROB] Commit slot 1: id=0  arch=r0  new_prf=0  old_prf=0  result=8
[ROB] Commit slot 2: id=0  arch=r0  new_prf=0  old_prf=0  result=8
[ROB] Commit slot 3: id=0  arch=r0  new_prf=0  old_prf=0  result=8
[ROB] Commit slot 0: id=0  arch=r0  new_prf=0  old_prf=0  result=8
[ROB] Commit slot 1: id=0  arch=r0  new_prf=0  old_prf=0  result=8
[ROB] Commit slot 2: id=0  arch=r0  new_prf=0  old_prf=0  result=8
[ROB] Commit slot 3: id=0  arch=r0  new_prf=0  old_prf=0  result=8
[ROB] Commit slot 0: id=0  arch=r0  new_prf=0  old_prf=0  result=8
[ROB] Commit slot 1: id=0  arch=r0  new_prf=0  old_prf=0  result=8
[ROB] Commit slot 2: id=0  arch=r0  new_prf=0  old_prf=0  result=8
[ROB] Commit slot 3: id=0  arch=r0  new_prf=0  old_prf=0  result=8
[ROB] Commit slot 0: id=0  arch=r0  new_prf=0  old_prf=0  result=8
[ROB] Commit slot 1: id=0  arch=r0  new_prf=0  old_prf=0  result=8
[ROB] Commit slot 2: id=0  arch=r0  new_prf=0  old_prf=0  result=8
[ROB] Commit slot 3: id=0  arch=r0  new_prf=0  old_prf=0  result=8
[ROB] Commit slot 0: id=0  arch=r0  new_prf=0  old_prf=0  result=8
[ROB] Commit slot 1: id=0  arch=r0  new_prf=0  old_prf=0  result=8
[ROB] Commit slot 2: id=0  arch=r0  new_prf=0  old_prf=0  result=8
[ROB] Commit slot 3: id=0  arch=r0  new_prf=0  old_prf=0  result=8
$finish called at time : 140 ns : File "C:/Users/mahiy/Documents/Projects/scalar2/scalar2.srcs/sim_1/new/rename_rs_rob_tb.sv" Line 95
