INFO: [VRFC 10-2263] Analyzing SystemVerilog file "C:/Users/mahiy/Documents/Projects/scalar2/scalar2.srcs/sources_1/new/config_pkg.sv" into library xil_defaultlib
INFO: [VRFC 10-2263] Analyzing SystemVerilog file "C:/Users/mahiy/Documents/Projects/scalar2/scalar2.srcs/sources_1/new/instruction_memory.sv" into library xil_defaultlib
INFO: [VRFC 10-311] analyzing module instruction_memory
INFO: [VRFC 10-2263] Analyzing SystemVerilog file "C:/Users/mahiy/Documents/Projects/scalar2/scalar2.srcs/sources_1/new/program_counter.sv" into library xil_defaultlib
INFO: [VRFC 10-311] analyzing module program_counter
INFO: [VRFC 10-2263] Analyzing SystemVerilog file "C:/Users/mahiy/Documents/Projects/scalar2/scalar2.srcs/sources_1/new/reg_file.sv" into library xil_defaultlib
INFO: [VRFC 10-311] analyzing module reg_file
INFO: [VRFC 10-2263] Analyzing SystemVerilog file "C:/Users/mahiy/Documents/Projects/scalar2/scalar2.srcs/sources_1/new/alu.sv" into library xil_defaultlib
INFO: [VRFC 10-311] analyzing module alu
INFO: [VRFC 10-2263] Analyzing SystemVerilog file "C:/Users/mahiy/Documents/Projects/scalar2/scalar2.srcs/sources_1/new/rename_dispatch_pl.sv" into library xil_defaultlib
INFO: [VRFC 10-311] analyzing module rename_dispatch_pl
INFO: [VRFC 10-2263] Analyzing SystemVerilog file "C:/Users/mahiy/Documents/Projects/scalar2/scalar2.srcs/sources_1/new/res_station_int.sv" into library xil_defaultlib
INFO: [VRFC 10-311] analyzing module res_station_int
INFO: [VRFC 10-2263] Analyzing SystemVerilog file "C:/Users/mahiy/Documents/Projects/scalar2/scalar2.srcs/sources_1/new/res_station_imm.sv" into library xil_defaultlib
INFO: [VRFC 10-311] analyzing module res_station_imm
INFO: [VRFC 10-2263] Analyzing SystemVerilog file "C:/Users/mahiy/Documents/Projects/scalar2/scalar2.srcs/sources_1/imports/new/misc.sv" into library xil_defaultlib
INFO: [VRFC 10-311] analyzing module dispatch_demux_1x4
INFO: [VRFC 10-311] analyzing module rs_demux1x16
INFO: [VRFC 10-2263] Analyzing SystemVerilog file "C:/Users/mahiy/Documents/Projects/scalar2/scalar2.srcs/sources_1/new/func_unit_int.sv" into library xil_defaultlib
INFO: [VRFC 10-311] analyzing module func_unit_int
INFO: [VRFC 10-2263] Analyzing SystemVerilog file "C:/Users/mahiy/Documents/Projects/scalar2/scalar2.srcs/sources_1/new/func_unit_imm.sv" into library xil_defaultlib
INFO: [VRFC 10-311] analyzing module func_unit_imm
INFO: [VRFC 10-2263] Analyzing SystemVerilog file "C:/Users/mahiy/Documents/Projects/scalar2/scalar2.srcs/sources_1/new/reorder_buffer.sv" into library xil_defaultlib
INFO: [VRFC 10-311] analyzing module reorder_buffer
INFO: [VRFC 10-2263] Analyzing SystemVerilog file "C:/Users/mahiy/Documents/Projects/scalar2/scalar2.srcs/sources_1/new/fetch_rename_pl.sv" into library xil_defaultlib
INFO: [VRFC 10-311] analyzing module fetch_rename_pl
INFO: [VRFC 10-2263] Analyzing SystemVerilog file "C:/Users/mahiy/Documents/Projects/scalar2/scalar2.srcs/sim_1/new/alu_tb.sv" into library xil_defaultlib
INFO: [VRFC 10-311] analyzing module alu_tb
INFO: [VRFC 10-2263] Analyzing SystemVerilog file "C:/Users/mahiy/Documents/Projects/scalar2/scalar2.srcs/sim_1/new/fetch_tb.sv" into library xil_defaultlib
INFO: [VRFC 10-311] analyzing module fetch_tb
INFO: [VRFC 10-2263] Analyzing SystemVerilog file "C:/Users/mahiy/Documents/Projects/scalar2/scalar2.srcs/sim_1/new/reg_file_tb.sv" into library xil_defaultlib
INFO: [VRFC 10-311] analyzing module reg_file_tb
INFO: [VRFC 10-2263] Analyzing SystemVerilog file "C:/Users/mahiy/Documents/Projects/scalar2/scalar2.srcs/sim_1/new/rename_rs_rob_tb.sv" into library xil_defaultlib
INFO: [VRFC 10-311] analyzing module rename_rs_rob_tb
INFO: [VRFC 10-2263] Analyzing Verilog file "C:/Users/mahiy/Documents/Projects/scalar2/scalar2.sim/sim_1/behav/xsim/glbl.v" into library xil_defaultlib
INFO: [VRFC 10-311] analyzing module glbl
